<?xml version="1.0" encoding="UTF-8"?>
<!-- Generated by org.testng.reporters.JUnitReportReporter -->
<testsuite hostname="DESKTOP-645N40N" failures="0" tests="2" name="com.watchoProject.HomeDeepLink" time="17.669" errors="0" timestamp="2021-06-06T15:11:17 IST" skipped="0">
  <testcase classname="com.watchoProject.HomeDeepLink" name="LiveDeepLinkClick" time="8.062"/>
  <system-out/>
  <testcase classname="com.watchoProject.HomeDeepLink" name="OriginalDeeplinkClick" time="9.607"/>
  <system-out/>
</testsuite> <!-- com.watchoProject.HomeDeepLink -->
